Flow report for ChipInterface
Tue Nov  5 19:12:44 2019
Quartus II 64-Bit Version 12.1 Build 177 11/07/2012 SJ Full Version


---------------------
; Table of Contents ;
---------------------
  1. Legal Notice
  2. Flow Summary
  3. Flow Settings
  4. Flow Non-Default Global Settings
  5. Flow Elapsed Time
  6. Flow OS Summary
  7. Flow Log



----------------
; Legal Notice ;
----------------
Copyright (C) 1991-2012 Altera Corporation
Your use of Altera Corporation's design tools, logic functions 
and other software and tools, and its AMPP partner logic 
functions, and any output files from any of the foregoing 
(including device programming or simulation files), and any 
associated documentation or information are expressly subject 
to the terms and conditions of the Altera Program License 
Subscription Agreement, Altera MegaCore Function License 
Agreement, or other applicable license agreement, including, 
without limitation, that your use is for the sole purpose of 
programming logic devices manufactured by Altera and sold by 
Altera or its authorized distributors.  Please refer to the 
applicable agreement for further details.



+--------------------------------------------------------------------------------+
; Flow Summary                                                                   ;
+------------------------------------+-------------------------------------------+
; Flow Status                        ; Successful - Tue Nov  5 19:12:44 2019     ;
; Quartus II 64-Bit Version          ; 12.1 Build 177 11/07/2012 SJ Full Version ;
; Revision Name                      ; ChipInterface                             ;
; Top-level Entity Name              ; ChipInterface                             ;
; Family                             ; Cyclone IV E                              ;
; Device                             ; EP4CE115F29C7                             ;
; Timing Models                      ; Final                                     ;
; Total logic elements               ; 574 / 114,480 ( < 1 % )                   ;
;     Total combinational functions  ; 574 / 114,480 ( < 1 % )                   ;
;     Dedicated logic registers      ; 142 / 114,480 ( < 1 % )                   ;
; Total registers                    ; 146                                       ;
; Total pins                         ; 108 / 529 ( 20 % )                        ;
; Total virtual pins                 ; 0                                         ;
; Total memory bits                  ; 0 / 3,981,312 ( 0 % )                     ;
; Embedded Multiplier 9-bit elements ; 0 / 532 ( 0 % )                           ;
; Total PLLs                         ; 0 / 4 ( 0 % )                             ;
+------------------------------------+-------------------------------------------+


+-----------------------------------------+
; Flow Settings                           ;
+-------------------+---------------------+
; Option            ; Setting             ;
+-------------------+---------------------+
; Start date & time ; 11/05/2019 19:12:13 ;
; Main task         ; Compilation         ;
; Revision Name     ; ChipInterface       ;
+-------------------+---------------------+


+----------------------------------------------------------------------------------------------------------------------------+
; Flow Non-Default Global Settings                                                                                           ;
+-------------------------------------+---------------------------------------+---------------+-------------+----------------+
; Assignment Name                     ; Value                                 ; Default Value ; Entity Name ; Section Id     ;
+-------------------------------------+---------------------------------------+---------------+-------------+----------------+
; COMPILER_SIGNATURE_ID               ; 0.157299913309196                     ; --            ; --          ; --             ;
; EDA_OUTPUT_DATA_FORMAT              ; Vhdl                                  ; --            ; --          ; eda_simulation ;
; EDA_SIMULATION_TOOL                 ; ModelSim-Altera (VHDL)                ; <None>        ; --          ; --             ;
; MAX_CORE_JUNCTION_TEMP              ; 85                                    ; --            ; --          ; --             ;
; MIN_CORE_JUNCTION_TEMP              ; 0                                     ; --            ; --          ; --             ;
; NOMINAL_CORE_SUPPLY_VOLTAGE         ; 1.2V                                  ; --            ; --          ; --             ;
; PARTITION_COLOR                     ; 16764057                              ; --            ; --          ; Top            ;
; PARTITION_FITTER_PRESERVATION_LEVEL ; PLACEMENT_AND_ROUTING                 ; --            ; --          ; Top            ;
; PARTITION_NETLIST_TYPE              ; SOURCE                                ; --            ; --          ; Top            ;
; POWER_BOARD_THERMAL_MODEL           ; None (CONSERVATIVE)                   ; --            ; --          ; --             ;
; POWER_PRESET_COOLING_SOLUTION       ; 23 MM HEAT SINK WITH 200 LFPM AIRFLOW ; --            ; --          ; --             ;
; PROJECT_OUTPUT_DIRECTORY            ; output_files                          ; --            ; --          ; --             ;
+-------------------------------------+---------------------------------------+---------------+-------------+----------------+


+-------------------------------------------------------------------------------------------------------------------------------+
; Flow Elapsed Time                                                                                                             ;
+---------------------------+--------------+-------------------------+---------------------+------------------------------------+
; Module Name               ; Elapsed Time ; Average Processors Used ; Peak Virtual Memory ; Total CPU Time (on all processors) ;
+---------------------------+--------------+-------------------------+---------------------+------------------------------------+
; Analysis & Synthesis      ; 00:00:02     ; 1.0                     ; 644 MB              ; 00:00:02                           ;
; Fitter                    ; 00:00:14     ; 2.6                     ; 1067 MB             ; 00:00:20                           ;
; Assembler                 ; 00:00:04     ; 1.0                     ; 626 MB              ; 00:00:04                           ;
; TimeQuest Timing Analyzer ; 00:00:03     ; 1.0                     ; 730 MB              ; 00:00:02                           ;
; EDA Netlist Writer        ; 00:00:01     ; 1.0                     ; 782 MB              ; 00:00:01                           ;
; Total                     ; 00:00:24     ; --                      ; --                  ; 00:00:29                           ;
+---------------------------+--------------+-------------------------+---------------------+------------------------------------+


+-------------------------------------------------------------------------------------------------+
; Flow OS Summary                                                                                 ;
+---------------------------+-----------------------------+---------+------------+----------------+
; Module Name               ; Machine Hostname            ; OS Name ; OS Version ; Processor type ;
+---------------------------+-----------------------------+---------+------------+----------------+
; Analysis & Synthesis      ; hermes.andrew.local.cmu.edu ; Red Hat ; Red Hat    ; x86_64         ;
; Fitter                    ; hermes.andrew.local.cmu.edu ; Red Hat ; Red Hat    ; x86_64         ;
; Assembler                 ; hermes.andrew.local.cmu.edu ; Red Hat ; Red Hat    ; x86_64         ;
; TimeQuest Timing Analyzer ; hermes.andrew.local.cmu.edu ; Red Hat ; Red Hat    ; x86_64         ;
; EDA Netlist Writer        ; hermes.andrew.local.cmu.edu ; Red Hat ; Red Hat    ; x86_64         ;
+---------------------------+-----------------------------+---------+------------+----------------+


------------
; Flow Log ;
------------
quartus_map --read_settings_files=on --write_settings_files=off Lab5 -c ChipInterface
quartus_fit --read_settings_files=off --write_settings_files=off Lab5 -c ChipInterface
quartus_asm --read_settings_files=off --write_settings_files=off Lab5 -c ChipInterface
quartus_sta Lab5 -c ChipInterface
quartus_eda --read_settings_files=off --write_settings_files=off Lab5 -c ChipInterface



